2025-08-21 15:09:42.396 [main] INFO  c.k.c.parser.StgPdfDesktopParser - Starting PDF processing: /Users/kobby/Desktop/MOH-STG/GHANA-STG-2017-1.pdf
2025-08-21 15:09:42.399 [main] INFO  c.k.c.parser.StgPdfDesktopParser - Output database: app/src/main/assets/databases/stg_prepopulated.db
2025-08-21 15:09:42.823 [main] INFO  c.k.c.parser.StgPdfDesktopParser - Connected to database
2025-08-21 15:09:42.825 [main] INFO  c.k.c.parser.StgPdfDesktopParser - Database tables created successfully
2025-08-21 15:09:43.046 [main] INFO  c.k.c.parser.StgPdfDesktopParser - PDF loaded successfully. Total pages: 708
2025-08-21 15:09:43.062 [main] INFO  c.k.c.parser.StgPdfDesktopParser - Scanning for chapters starting from page 29
2025-08-21 15:09:43.185 [main] INFO  c.k.c.parser.StgPdfDesktopParser - Found Chapter 11 on page 29: Disorders of the
2025-08-21 15:09:43.212 [main] INFO  c.k.c.parser.StgPdfDesktopParser - Found Chapter 1 on page 31:  Disorders of the Gastrointestinal Tract
2025-08-21 15:09:43.325 [main] INFO  c.k.c.parser.StgPdfDesktopParser - Found Chapter 33 on page 51: Disorders of the Liver
2025-08-21 15:09:43.342 [main] INFO  c.k.c.parser.StgPdfDesktopParser - Found Chapter 2 on page 53:  Disorders of the Liver
2025-08-21 15:09:43.439 [main] INFO  c.k.c.parser.StgPdfDesktopParser - Found Chapter 58 on page 76: Nutritional Disorders
2025-08-21 15:09:43.446 [main] INFO  c.k.c.parser.StgPdfDesktopParser - Found Chapter 3 on page 77:  Nutritional Disorders
2025-08-21 15:09:43.459 [main] INFO  c.k.c.parser.StgPdfDesktopParser - Found Chapter 62 on page 80: Haematological Disorders
2025-08-21 15:09:43.463 [main] INFO  c.k.c.parser.StgPdfDesktopParser - Found Chapter 4 on page 81:  Haematological Disorders
2025-08-21 15:09:43.525 [main] INFO  c.k.c.parser.StgPdfDesktopParser - Found Chapter 80 on page 98: Immunisable Diseases
2025-08-21 15:09:43.528 [main] INFO  c.k.c.parser.StgPdfDesktopParser - Found Chapter 5 on page 99:  Immunisable Diseases
2025-08-21 15:09:43.583 [main] INFO  c.k.c.parser.StgPdfDesktopParser - Found Chapter 97 on page 115: Problems of the Newborn
2025-08-21 15:09:43.595 [main] INFO  c.k.c.parser.StgPdfDesktopParser - Found Chapter 6 on page 117:  Problems of the Newborn (Neonate)
2025-08-21 15:09:43.636 [main] INFO  c.k.c.parser.StgPdfDesktopParser - Found Chapter 113 on page 131: Disorders of the
2025-08-21 15:09:43.651 [main] INFO  c.k.c.parser.StgPdfDesktopParser - Found Chapter 7 on page 133:  Disorders of the Cardiovascular System
2025-08-21 15:09:43.810 [main] INFO  c.k.c.parser.StgPdfDesktopParser - Found Chapter 167 on page 185: Disorders of the
2025-08-21 15:09:43.821 [main] INFO  c.k.c.parser.StgPdfDesktopParser - Found Chapter 8 on page 187:  Disorders of the Respiratory System
2025-08-21 15:09:43.853 [main] INFO  c.k.c.parser.StgPdfDesktopParser - Extracted 16 chapters from main body
2025-08-21 15:09:43.853 [main] INFO  c.k.c.parser.StgPdfDesktopParser - Found 16 chapters
2025-08-21 15:09:43.855 [main] DEBUG c.k.c.parser.StgPdfDesktopParser - Stored chapter 11: Disorders of the
2025-08-21 15:09:43.855 [main] DEBUG c.k.c.parser.StgPdfDesktopParser - Stored chapter 1:  Disorders of the Gastrointestinal Tract
2025-08-21 15:09:43.855 [main] DEBUG c.k.c.parser.StgPdfDesktopParser - Stored chapter 33: Disorders of the Liver
2025-08-21 15:09:43.855 [main] DEBUG c.k.c.parser.StgPdfDesktopParser - Stored chapter 2:  Disorders of the Liver
2025-08-21 15:09:43.855 [main] DEBUG c.k.c.parser.StgPdfDesktopParser - Stored chapter 58: Nutritional Disorders
2025-08-21 15:09:43.855 [main] DEBUG c.k.c.parser.StgPdfDesktopParser - Stored chapter 3:  Nutritional Disorders
2025-08-21 15:09:43.855 [main] DEBUG c.k.c.parser.StgPdfDesktopParser - Stored chapter 62: Haematological Disorders
2025-08-21 15:09:43.855 [main] DEBUG c.k.c.parser.StgPdfDesktopParser - Stored chapter 4:  Haematological Disorders
2025-08-21 15:09:43.855 [main] DEBUG c.k.c.parser.StgPdfDesktopParser - Stored chapter 80: Immunisable Diseases
2025-08-21 15:09:43.855 [main] DEBUG c.k.c.parser.StgPdfDesktopParser - Stored chapter 5:  Immunisable Diseases
2025-08-21 15:09:43.856 [main] DEBUG c.k.c.parser.StgPdfDesktopParser - Stored chapter 97: Problems of the Newborn
2025-08-21 15:09:43.856 [main] DEBUG c.k.c.parser.StgPdfDesktopParser - Stored chapter 6:  Problems of the Newborn (Neonate)
2025-08-21 15:09:43.856 [main] DEBUG c.k.c.parser.StgPdfDesktopParser - Stored chapter 113: Disorders of the
2025-08-21 15:09:43.856 [main] DEBUG c.k.c.parser.StgPdfDesktopParser - Stored chapter 7:  Disorders of the Cardiovascular System
2025-08-21 15:09:43.856 [main] DEBUG c.k.c.parser.StgPdfDesktopParser - Stored chapter 167: Disorders of the
2025-08-21 15:09:43.856 [main] DEBUG c.k.c.parser.StgPdfDesktopParser - Stored chapter 8:  Disorders of the Respiratory System
2025-08-21 15:09:43.856 [main] INFO  c.k.c.parser.StgPdfDesktopParser - Processing Chapter 11: Disorders of the (pages 29-30)
2025-08-21 15:09:43.861 [main] INFO  c.k.c.parser.StgPdfDesktopParser - Found 0 conditions in chapter 11
2025-08-21 15:09:43.861 [main] INFO  c.k.c.parser.StgPdfDesktopParser - Processing Chapter 1:  Disorders of the Gastrointestinal Tract (pages 31-50)
2025-08-21 15:09:43.910 [main] INFO  c.k.c.parser.StgPdfDesktopParser - Found 1 conditions in chapter 1
2025-08-21 15:09:43.910 [main] DEBUG c.k.c.parser.StgPdfDesktopParser - Stored condition: Haemorrhoids
2025-08-21 15:09:43.915 [main] INFO  c.k.c.parser.StgPdfDesktopParser - Processing Chapter 33: Disorders of the Liver (pages 51-52)
2025-08-21 15:09:43.919 [main] INFO  c.k.c.parser.StgPdfDesktopParser - Found 0 conditions in chapter 33
2025-08-21 15:09:43.919 [main] INFO  c.k.c.parser.StgPdfDesktopParser - Processing Chapter 2:  Disorders of the Liver (pages 53-75)
2025-08-21 15:09:43.972 [main] INFO  c.k.c.parser.StgPdfDesktopParser - Found 1 conditions in chapter 2
2025-08-21 15:09:43.972 [main] DEBUG c.k.c.parser.StgPdfDesktopParser - Stored condition: Vomiting
2025-08-21 15:09:43.977 [main] INFO  c.k.c.parser.StgPdfDesktopParser - Processing Chapter 58: Nutritional Disorders (pages 76-76)
2025-08-21 15:09:43.980 [main] INFO  c.k.c.parser.StgPdfDesktopParser - Found 0 conditions in chapter 58
2025-08-21 15:09:43.980 [main] INFO  c.k.c.parser.StgPdfDesktopParser - Processing Chapter 3:  Nutritional Disorders (pages 77-79)
2025-08-21 15:09:43.985 [main] INFO  c.k.c.parser.StgPdfDesktopParser - Found 0 conditions in chapter 3
2025-08-21 15:09:43.986 [main] INFO  c.k.c.parser.StgPdfDesktopParser - Processing Chapter 62: Haematological Disorders (pages 80-80)
2025-08-21 15:09:43.988 [main] INFO  c.k.c.parser.StgPdfDesktopParser - Found 0 conditions in chapter 62
2025-08-21 15:09:43.988 [main] INFO  c.k.c.parser.StgPdfDesktopParser - Processing Chapter 4:  Haematological Disorders (pages 81-97)
2025-08-21 15:09:44.022 [main] INFO  c.k.c.parser.StgPdfDesktopParser - Found 0 conditions in chapter 4
2025-08-21 15:09:44.023 [main] INFO  c.k.c.parser.StgPdfDesktopParser - Processing Chapter 80: Immunisable Diseases (pages 98-98)
2025-08-21 15:09:44.024 [main] INFO  c.k.c.parser.StgPdfDesktopParser - Found 0 conditions in chapter 80
2025-08-21 15:09:44.024 [main] INFO  c.k.c.parser.StgPdfDesktopParser - Processing Chapter 5:  Immunisable Diseases (pages 99-114)
2025-08-21 15:09:44.060 [main] INFO  c.k.c.parser.StgPdfDesktopParser - Found 1 conditions in chapter 5
2025-08-21 15:09:44.061 [main] DEBUG c.k.c.parser.StgPdfDesktopParser - Stored condition: Measles
2025-08-21 15:09:44.067 [main] INFO  c.k.c.parser.StgPdfDesktopParser - Processing Chapter 97: Problems of the Newborn (pages 115-116)
2025-08-21 15:09:44.071 [main] INFO  c.k.c.parser.StgPdfDesktopParser - Found 1 conditions in chapter 97
2025-08-21 15:09:44.072 [main] DEBUG c.k.c.parser.StgPdfDesktopParser - Stored condition: Sick newborn
2025-08-21 15:09:44.073 [main] INFO  c.k.c.parser.StgPdfDesktopParser - Processing Chapter 6:  Problems of the Newborn (Neonate) (pages 117-130)
2025-08-21 15:09:44.102 [main] INFO  c.k.c.parser.StgPdfDesktopParser - Found 1 conditions in chapter 6
2025-08-21 15:09:44.102 [main] DEBUG c.k.c.parser.StgPdfDesktopParser - Stored condition: Wilms Tumour
2025-08-21 15:09:44.104 [main] INFO  c.k.c.parser.StgPdfDesktopParser - Processing Chapter 113: Disorders of the (pages 131-132)
2025-08-21 15:09:44.108 [main] INFO  c.k.c.parser.StgPdfDesktopParser - Found 1 conditions in chapter 113
2025-08-21 15:09:44.108 [main] DEBUG c.k.c.parser.StgPdfDesktopParser - Stored condition: Chest Pain
2025-08-21 15:09:44.110 [main] INFO  c.k.c.parser.StgPdfDesktopParser - Processing Chapter 7:  Disorders of the Cardiovascular System (pages 133-184)
2025-08-21 15:09:44.206 [main] INFO  c.k.c.parser.StgPdfDesktopParser - Found 9 conditions in chapter 7
2025-08-21 15:09:44.206 [main] DEBUG c.k.c.parser.StgPdfDesktopParser - Stored condition: Ischaemic Heart Disease
2025-08-21 15:09:44.209 [main] DEBUG c.k.c.parser.StgPdfDesktopParser - Stored condition: Dyspnoea
2025-08-21 15:09:44.210 [main] DEBUG c.k.c.parser.StgPdfDesktopParser - Stored condition: Deep Vein Thrombosis
2025-08-21 15:09:44.214 [main] DEBUG c.k.c.parser.StgPdfDesktopParser - Stored condition: Pulmonary Embolism
2025-08-21 15:09:44.215 [main] DEBUG c.k.c.parser.StgPdfDesktopParser - Stored condition: Stroke
2025-08-21 15:09:44.217 [main] DEBUG c.k.c.parser.StgPdfDesktopParser - Stored condition: Heart Failure
2025-08-21 15:09:44.219 [main] DEBUG c.k.c.parser.StgPdfDesktopParser - Stored condition: Congenital Heart Disease
2025-08-21 15:09:44.220 [main] DEBUG c.k.c.parser.StgPdfDesktopParser - Stored condition: Hypercyanotic attack
2025-08-21 15:09:44.224 [main] DEBUG c.k.c.parser.StgPdfDesktopParser - Stored condition: Hypertensive Emergencies
2025-08-21 15:09:44.228 [main] INFO  c.k.c.parser.StgPdfDesktopParser - Processing Chapter 167: Disorders of the (pages 185-186)
2025-08-21 15:09:44.231 [main] INFO  c.k.c.parser.StgPdfDesktopParser - Found 0 conditions in chapter 167
2025-08-21 15:09:44.231 [main] INFO  c.k.c.parser.StgPdfDesktopParser - Processing Chapter 8:  Disorders of the Respiratory System (pages 187-708)
2025-08-21 15:09:45.137 [main] INFO  c.k.c.parser.StgPdfDesktopParser - Found 44 conditions in chapter 8
2025-08-21 15:09:45.137 [main] DEBUG c.k.c.parser.StgPdfDesktopParser - Stored condition: Lung Abscess
2025-08-21 15:09:45.145 [main] DEBUG c.k.c.parser.StgPdfDesktopParser - Stored condition: Schizophrenia
2025-08-21 15:09:45.152 [main] DEBUG c.k.c.parser.StgPdfDesktopParser - Stored condition: Buruli Ulcer
2025-08-21 15:09:45.158 [main] DEBUG c.k.c.parser.StgPdfDesktopParser - Stored condition: Reactive Erythema and Bullous Reaction
2025-08-21 15:09:45.166 [main] DEBUG c.k.c.parser.StgPdfDesktopParser - Stored condition: Hypothyroidism
2025-08-21 15:09:45.173 [main] DEBUG c.k.c.parser.StgPdfDesktopParser - Stored condition: Eclampsia
2025-08-21 15:09:45.179 [main] DEBUG c.k.c.parser.StgPdfDesktopParser - Stored condition: Preterm Labour in Premature Delivery
2025-08-21 15:09:45.189 [main] DEBUG c.k.c.parser.StgPdfDesktopParser - Stored condition: Acute Glomerulonephritis
2025-08-21 15:09:45.193 [main] DEBUG c.k.c.parser.StgPdfDesktopParser - Stored condition: Medicines and the Kidney
2025-08-21 15:09:45.194 [main] DEBUG c.k.c.parser.StgPdfDesktopParser - Stored condition: Acute Cystitis
2025-08-21 15:09:45.195 [main] DEBUG c.k.c.parser.StgPdfDesktopParser - Stored condition: Benign Prostatic Hyperplasia
2025-08-21 15:09:45.196 [main] DEBUG c.k.c.parser.StgPdfDesktopParser - Stored condition: Bacterial Prostatitis
2025-08-21 15:09:45.196 [main] DEBUG c.k.c.parser.StgPdfDesktopParser - Stored condition: Scrotal Masses
2025-08-21 15:09:45.197 [main] DEBUG c.k.c.parser.StgPdfDesktopParser - Stored condition: The Empty Scrotum
2025-08-21 15:09:45.197 [main] DEBUG c.k.c.parser.StgPdfDesktopParser - Stored condition: Priapism
2025-08-21 15:09:45.198 [main] DEBUG c.k.c.parser.StgPdfDesktopParser - Stored condition: Posterior Urethral Valves
2025-08-21 15:09:45.199 [main] DEBUG c.k.c.parser.StgPdfDesktopParser - Stored condition: Urinary Tract Calculi
2025-08-21 15:09:45.199 [main] DEBUG c.k.c.parser.StgPdfDesktopParser - Stored condition: Urethral Stricture
2025-08-21 15:09:45.201 [main] DEBUG c.k.c.parser.StgPdfDesktopParser - Stored condition: Bladder Cancer
2025-08-21 15:09:45.204 [main] DEBUG c.k.c.parser.StgPdfDesktopParser - Stored condition: Acute retention of Urine is of sudden onset with a palpable tender
2025-08-21 15:09:45.204 [main] DEBUG c.k.c.parser.StgPdfDesktopParser - Stored condition: Chronic Retention of Urine is of insidious onset and presents with a
2025-08-21 15:09:45.204 [main] DEBUG c.k.c.parser.StgPdfDesktopParser - Stored condition: Acute
2025-08-21 15:09:45.205 [main] DEBUG c.k.c.parser.StgPdfDesktopParser - Stored condition: Mycoplasma genitalum
2025-08-21 15:09:45.211 [main] DEBUG c.k.c.parser.StgPdfDesktopParser - Stored condition: Drug resistant tuberculosis
2025-08-21 15:09:45.218 [main] DEBUG c.k.c.parser.StgPdfDesktopParser - Stored condition: Xerophthalmia
2025-08-21 15:09:45.221 [main] DEBUG c.k.c.parser.StgPdfDesktopParser - Stored condition: Acute Epiglottitis
2025-08-21 15:09:45.224 [main] DEBUG c.k.c.parser.StgPdfDesktopParser - Stored condition: Bacterial Endocarditis and Prophylaxis in Dentistry
2025-08-21 15:09:45.226 [main] DEBUG c.k.c.parser.StgPdfDesktopParser - Stored condition: Rheumatoid arthritis
2025-08-21 15:09:45.230 [main] DEBUG c.k.c.parser.StgPdfDesktopParser - Stored condition: Acute Abdomen
2025-08-21 15:09:45.233 [main] DEBUG c.k.c.parser.StgPdfDesktopParser - Stored condition: Chronic Osteomyelitis and Chronic Septic Arthritis
2025-08-21 15:09:45.233 [main] DEBUG c.k.c.parser.StgPdfDesktopParser - Stored condition: Cellulitis
2025-08-21 15:09:45.234 [main] DEBUG c.k.c.parser.StgPdfDesktopParser - Stored condition: Necrotizing Fasciitis
2025-08-21 15:09:45.235 [main] DEBUG c.k.c.parser.StgPdfDesktopParser - Stored condition: Hand Infections
2025-08-21 15:09:45.235 [main] DEBUG c.k.c.parser.StgPdfDesktopParser - Stored condition: Tuberculosis in orthopaedics
2025-08-21 15:09:45.236 [main] DEBUG c.k.c.parser.StgPdfDesktopParser - Stored condition: Rickets and Osteomalacia
2025-08-21 15:09:45.236 [main] DEBUG c.k.c.parser.StgPdfDesktopParser - Stored condition: Scurvy
2025-08-21 15:09:45.236 [main] DEBUG c.k.c.parser.StgPdfDesktopParser - Stored condition: Osteoporosis
2025-08-21 15:09:45.237 [main] DEBUG c.k.c.parser.StgPdfDesktopParser - Stored condition: Sickle
2025-08-21 15:09:45.237 [main] DEBUG c.k.c.parser.StgPdfDesktopParser - Stored condition: Avascular Necrosis
2025-08-21 15:09:45.240 [main] DEBUG c.k.c.parser.StgPdfDesktopParser - Stored condition: Shock
2025-08-21 15:09:45.244 [main] DEBUG c.k.c.parser.StgPdfDesktopParser - Stored condition: Is it still needed
2025-08-21 15:09:45.244 [main] DEBUG c.k.c.parser.StgPdfDesktopParser - Stored condition: Start one medication at a time
2025-08-21 15:09:45.246 [main] DEBUG c.k.c.parser.StgPdfDesktopParser - Stored condition: Organisation Name
2025-08-21 15:09:45.246 [main] DEBUG c.k.c.parser.StgPdfDesktopParser - Stored condition: Organisation Name
2025-08-21 15:09:45.254 [main] INFO  c.k.c.parser.StgPdfDesktopParser - Database populated successfully
2025-08-21 15:09:45.256 [main] INFO  c.k.c.parser.StgPdfDesktopParser - Total chapters: 16
2025-08-21 15:09:45.256 [main] INFO  c.k.c.parser.StgPdfDesktopParser - Total conditions: 59
2025-08-21 15:09:45.256 [main] INFO  c.k.c.parser.StgPdfDesktopParser - Total content blocks: 350
2025-08-21 15:09:45.256 [main] INFO  c.k.c.parser.StgPdfDesktopParser - Total medications: 275
2025-08-21 15:20:00.637 [main] INFO  c.k.c.parser.StgPdfDesktopParser - Starting PDF processing: /Users/kobby/Desktop/MOH-STG/GHANA-STG-2017-1.pdf
2025-08-21 15:20:00.639 [main] INFO  c.k.c.parser.StgPdfDesktopParser - Output database: app/src/main/assets/databases/stg_prepopulated.db
2025-08-21 15:20:01.922 [main] INFO  c.k.c.parser.StgPdfDesktopParser - Connected to database
2025-08-21 15:20:01.924 [main] INFO  c.k.c.parser.StgPdfDesktopParser - Database tables created successfully
2025-08-21 15:20:02.212 [main] INFO  c.k.c.parser.StgPdfDesktopParser - PDF loaded successfully. Total pages: 708
2025-08-21 15:20:02.228 [main] INFO  c.k.c.parser.StgPdfDesktopParser - Scanning for chapters starting from page 29
2025-08-21 15:20:02.345 [main] INFO  c.k.c.parser.StgPdfDesktopParser - Found Chapter 11 on page 29: Disorders of the
2025-08-21 15:20:02.372 [main] INFO  c.k.c.parser.StgPdfDesktopParser - Found Chapter 1 on page 31:  Disorders of the Gastrointestinal Tract
2025-08-21 15:20:02.476 [main] INFO  c.k.c.parser.StgPdfDesktopParser - Found Chapter 33 on page 51: Disorders of the Liver
2025-08-21 15:20:02.492 [main] INFO  c.k.c.parser.StgPdfDesktopParser - Found Chapter 2 on page 53:  Disorders of the Liver
2025-08-21 15:20:02.587 [main] INFO  c.k.c.parser.StgPdfDesktopParser - Found Chapter 58 on page 76: Nutritional Disorders
2025-08-21 15:20:02.591 [main] INFO  c.k.c.parser.StgPdfDesktopParser - Found Chapter 3 on page 77:  Nutritional Disorders
2025-08-21 15:20:02.606 [main] INFO  c.k.c.parser.StgPdfDesktopParser - Found Chapter 62 on page 80: Haematological Disorders
2025-08-21 15:20:02.610 [main] INFO  c.k.c.parser.StgPdfDesktopParser - Found Chapter 4 on page 81:  Haematological Disorders
2025-08-21 15:20:02.677 [main] INFO  c.k.c.parser.StgPdfDesktopParser - Found Chapter 80 on page 98: Immunisable Diseases
2025-08-21 15:20:02.681 [main] INFO  c.k.c.parser.StgPdfDesktopParser - Found Chapter 5 on page 99:  Immunisable Diseases
2025-08-21 15:20:02.734 [main] INFO  c.k.c.parser.StgPdfDesktopParser - Found Chapter 97 on page 115: Problems of the Newborn
2025-08-21 15:20:02.745 [main] INFO  c.k.c.parser.StgPdfDesktopParser - Found Chapter 6 on page 117:  Problems of the Newborn (Neonate)
2025-08-21 15:20:02.784 [main] INFO  c.k.c.parser.StgPdfDesktopParser - Found Chapter 113 on page 131: Disorders of the
2025-08-21 15:20:02.798 [main] INFO  c.k.c.parser.StgPdfDesktopParser - Found Chapter 7 on page 133:  Disorders of the Cardiovascular System
2025-08-21 15:20:02.969 [main] INFO  c.k.c.parser.StgPdfDesktopParser - Found Chapter 167 on page 185: Disorders of the
2025-08-21 15:20:02.980 [main] INFO  c.k.c.parser.StgPdfDesktopParser - Found Chapter 8 on page 187:  Disorders of the Respiratory System
2025-08-21 15:20:03.015 [main] INFO  c.k.c.parser.StgPdfDesktopParser - Extracted 16 chapters from main body
2025-08-21 15:20:03.015 [main] INFO  c.k.c.parser.StgPdfDesktopParser - Found 16 chapters
2025-08-21 15:20:03.017 [main] DEBUG c.k.c.parser.StgPdfDesktopParser - Stored chapter 11: Disorders of the
2025-08-21 15:20:03.017 [main] DEBUG c.k.c.parser.StgPdfDesktopParser - Stored chapter 1:  Disorders of the Gastrointestinal Tract
2025-08-21 15:20:03.017 [main] DEBUG c.k.c.parser.StgPdfDesktopParser - Stored chapter 33: Disorders of the Liver
2025-08-21 15:20:03.017 [main] DEBUG c.k.c.parser.StgPdfDesktopParser - Stored chapter 2:  Disorders of the Liver
2025-08-21 15:20:03.017 [main] DEBUG c.k.c.parser.StgPdfDesktopParser - Stored chapter 58: Nutritional Disorders
2025-08-21 15:20:03.017 [main] DEBUG c.k.c.parser.StgPdfDesktopParser - Stored chapter 3:  Nutritional Disorders
2025-08-21 15:20:03.017 [main] DEBUG c.k.c.parser.StgPdfDesktopParser - Stored chapter 62: Haematological Disorders
2025-08-21 15:20:03.018 [main] DEBUG c.k.c.parser.StgPdfDesktopParser - Stored chapter 4:  Haematological Disorders
2025-08-21 15:20:03.018 [main] DEBUG c.k.c.parser.StgPdfDesktopParser - Stored chapter 80: Immunisable Diseases
2025-08-21 15:20:03.018 [main] DEBUG c.k.c.parser.StgPdfDesktopParser - Stored chapter 5:  Immunisable Diseases
2025-08-21 15:20:03.018 [main] DEBUG c.k.c.parser.StgPdfDesktopParser - Stored chapter 97: Problems of the Newborn
2025-08-21 15:20:03.018 [main] DEBUG c.k.c.parser.StgPdfDesktopParser - Stored chapter 6:  Problems of the Newborn (Neonate)
2025-08-21 15:20:03.018 [main] DEBUG c.k.c.parser.StgPdfDesktopParser - Stored chapter 113: Disorders of the
2025-08-21 15:20:03.018 [main] DEBUG c.k.c.parser.StgPdfDesktopParser - Stored chapter 7:  Disorders of the Cardiovascular System
2025-08-21 15:20:03.018 [main] DEBUG c.k.c.parser.StgPdfDesktopParser - Stored chapter 167: Disorders of the
2025-08-21 15:20:03.018 [main] DEBUG c.k.c.parser.StgPdfDesktopParser - Stored chapter 8:  Disorders of the Respiratory System
2025-08-21 15:20:03.018 [main] INFO  c.k.c.parser.StgPdfDesktopParser - Processing Chapter 11: Disorders of the (pages 29-30)
2025-08-21 15:20:03.023 [main] INFO  c.k.c.parser.StgPdfDesktopParser - Found 0 conditions in chapter 11
2025-08-21 15:20:03.023 [main] INFO  c.k.c.parser.StgPdfDesktopParser - Processing Chapter 1:  Disorders of the Gastrointestinal Tract (pages 31-50)
2025-08-21 15:20:03.075 [main] INFO  c.k.c.parser.StgPdfDesktopParser - Found 1 conditions in chapter 1
2025-08-21 15:20:03.076 [main] DEBUG c.k.c.parser.StgPdfDesktopParser - Stored condition: Haemorrhoids
2025-08-21 15:20:03.080 [main] INFO  c.k.c.parser.StgPdfDesktopParser - Processing Chapter 33: Disorders of the Liver (pages 51-52)
2025-08-21 15:20:03.085 [main] INFO  c.k.c.parser.StgPdfDesktopParser - Found 0 conditions in chapter 33
2025-08-21 15:20:03.085 [main] INFO  c.k.c.parser.StgPdfDesktopParser - Processing Chapter 2:  Disorders of the Liver (pages 53-75)
2025-08-21 15:20:03.142 [main] INFO  c.k.c.parser.StgPdfDesktopParser - Found 1 conditions in chapter 2
2025-08-21 15:20:03.142 [main] DEBUG c.k.c.parser.StgPdfDesktopParser - Stored condition: Vomiting
2025-08-21 15:20:03.147 [main] INFO  c.k.c.parser.StgPdfDesktopParser - Processing Chapter 58: Nutritional Disorders (pages 76-76)
2025-08-21 15:20:03.150 [main] INFO  c.k.c.parser.StgPdfDesktopParser - Found 0 conditions in chapter 58
2025-08-21 15:20:03.150 [main] INFO  c.k.c.parser.StgPdfDesktopParser - Processing Chapter 3:  Nutritional Disorders (pages 77-79)
2025-08-21 15:20:03.157 [main] INFO  c.k.c.parser.StgPdfDesktopParser - Found 0 conditions in chapter 3
2025-08-21 15:20:03.157 [main] INFO  c.k.c.parser.StgPdfDesktopParser - Processing Chapter 62: Haematological Disorders (pages 80-80)
2025-08-21 15:20:03.159 [main] INFO  c.k.c.parser.StgPdfDesktopParser - Found 0 conditions in chapter 62
2025-08-21 15:20:03.159 [main] INFO  c.k.c.parser.StgPdfDesktopParser - Processing Chapter 4:  Haematological Disorders (pages 81-97)
2025-08-21 15:20:03.195 [main] INFO  c.k.c.parser.StgPdfDesktopParser - Found 0 conditions in chapter 4
2025-08-21 15:20:03.196 [main] INFO  c.k.c.parser.StgPdfDesktopParser - Processing Chapter 80: Immunisable Diseases (pages 98-98)
2025-08-21 15:20:03.198 [main] INFO  c.k.c.parser.StgPdfDesktopParser - Found 0 conditions in chapter 80
2025-08-21 15:20:03.198 [main] INFO  c.k.c.parser.StgPdfDesktopParser - Processing Chapter 5:  Immunisable Diseases (pages 99-114)
2025-08-21 15:20:03.232 [main] INFO  c.k.c.parser.StgPdfDesktopParser - Found 1 conditions in chapter 5
2025-08-21 15:20:03.232 [main] DEBUG c.k.c.parser.StgPdfDesktopParser - Stored condition: Measles
2025-08-21 15:20:03.238 [main] INFO  c.k.c.parser.StgPdfDesktopParser - Processing Chapter 97: Problems of the Newborn (pages 115-116)
2025-08-21 15:20:03.243 [main] INFO  c.k.c.parser.StgPdfDesktopParser - Found 1 conditions in chapter 97
2025-08-21 15:20:03.243 [main] DEBUG c.k.c.parser.StgPdfDesktopParser - Stored condition: Sick newborn
2025-08-21 15:20:03.244 [main] INFO  c.k.c.parser.StgPdfDesktopParser - Processing Chapter 6:  Problems of the Newborn (Neonate) (pages 117-130)
2025-08-21 15:20:03.274 [main] INFO  c.k.c.parser.StgPdfDesktopParser - Found 1 conditions in chapter 6
2025-08-21 15:20:03.274 [main] DEBUG c.k.c.parser.StgPdfDesktopParser - Stored condition: Wilms Tumour
2025-08-21 15:20:03.275 [main] INFO  c.k.c.parser.StgPdfDesktopParser - Processing Chapter 113: Disorders of the (pages 131-132)
2025-08-21 15:20:03.280 [main] INFO  c.k.c.parser.StgPdfDesktopParser - Found 1 conditions in chapter 113
2025-08-21 15:20:03.280 [main] DEBUG c.k.c.parser.StgPdfDesktopParser - Stored condition: Chest Pain
2025-08-21 15:20:03.282 [main] INFO  c.k.c.parser.StgPdfDesktopParser - Processing Chapter 7:  Disorders of the Cardiovascular System (pages 133-184)
2025-08-21 15:20:03.388 [main] INFO  c.k.c.parser.StgPdfDesktopParser - Found 9 conditions in chapter 7
2025-08-21 15:20:03.388 [main] DEBUG c.k.c.parser.StgPdfDesktopParser - Stored condition: Ischaemic Heart Disease
2025-08-21 15:20:03.391 [main] DEBUG c.k.c.parser.StgPdfDesktopParser - Stored condition: Dyspnoea
2025-08-21 15:20:03.392 [main] DEBUG c.k.c.parser.StgPdfDesktopParser - Stored condition: Deep Vein Thrombosis
2025-08-21 15:20:03.394 [main] DEBUG c.k.c.parser.StgPdfDesktopParser - Stored condition: Pulmonary Embolism
2025-08-21 15:20:03.395 [main] DEBUG c.k.c.parser.StgPdfDesktopParser - Stored condition: Stroke
2025-08-21 15:20:03.397 [main] DEBUG c.k.c.parser.StgPdfDesktopParser - Stored condition: Heart Failure
2025-08-21 15:20:03.399 [main] DEBUG c.k.c.parser.StgPdfDesktopParser - Stored condition: Congenital Heart Disease
2025-08-21 15:20:03.401 [main] DEBUG c.k.c.parser.StgPdfDesktopParser - Stored condition: Hypercyanotic attack
2025-08-21 15:20:03.404 [main] DEBUG c.k.c.parser.StgPdfDesktopParser - Stored condition: Hypertensive Emergencies
2025-08-21 15:20:03.407 [main] INFO  c.k.c.parser.StgPdfDesktopParser - Processing Chapter 167: Disorders of the (pages 185-186)
2025-08-21 15:20:03.411 [main] INFO  c.k.c.parser.StgPdfDesktopParser - Found 0 conditions in chapter 167
2025-08-21 15:20:03.411 [main] INFO  c.k.c.parser.StgPdfDesktopParser - Processing Chapter 8:  Disorders of the Respiratory System (pages 187-708)
2025-08-21 15:20:04.298 [main] INFO  c.k.c.parser.StgPdfDesktopParser - Found 44 conditions in chapter 8
2025-08-21 15:20:04.298 [main] DEBUG c.k.c.parser.StgPdfDesktopParser - Stored condition: Lung Abscess
2025-08-21 15:20:04.305 [main] DEBUG c.k.c.parser.StgPdfDesktopParser - Stored condition: Schizophrenia
2025-08-21 15:20:04.312 [main] DEBUG c.k.c.parser.StgPdfDesktopParser - Stored condition: Buruli Ulcer
2025-08-21 15:20:04.318 [main] DEBUG c.k.c.parser.StgPdfDesktopParser - Stored condition: Reactive Erythema and Bullous Reaction
2025-08-21 15:20:04.325 [main] DEBUG c.k.c.parser.StgPdfDesktopParser - Stored condition: Hypothyroidism
2025-08-21 15:20:04.333 [main] DEBUG c.k.c.parser.StgPdfDesktopParser - Stored condition: Eclampsia
2025-08-21 15:20:04.338 [main] DEBUG c.k.c.parser.StgPdfDesktopParser - Stored condition: Preterm Labour in Premature Delivery
2025-08-21 15:20:04.347 [main] DEBUG c.k.c.parser.StgPdfDesktopParser - Stored condition: Acute Glomerulonephritis
2025-08-21 15:20:04.351 [main] DEBUG c.k.c.parser.StgPdfDesktopParser - Stored condition: Medicines and the Kidney
2025-08-21 15:20:04.352 [main] DEBUG c.k.c.parser.StgPdfDesktopParser - Stored condition: Acute Cystitis
2025-08-21 15:20:04.353 [main] DEBUG c.k.c.parser.StgPdfDesktopParser - Stored condition: Benign Prostatic Hyperplasia
2025-08-21 15:20:04.354 [main] DEBUG c.k.c.parser.StgPdfDesktopParser - Stored condition: Bacterial Prostatitis
2025-08-21 15:20:04.355 [main] DEBUG c.k.c.parser.StgPdfDesktopParser - Stored condition: Scrotal Masses
2025-08-21 15:20:04.355 [main] DEBUG c.k.c.parser.StgPdfDesktopParser - Stored condition: The Empty Scrotum
2025-08-21 15:20:04.356 [main] DEBUG c.k.c.parser.StgPdfDesktopParser - Stored condition: Priapism
2025-08-21 15:20:04.357 [main] DEBUG c.k.c.parser.StgPdfDesktopParser - Stored condition: Posterior Urethral Valves
2025-08-21 15:20:04.358 [main] DEBUG c.k.c.parser.StgPdfDesktopParser - Stored condition: Urinary Tract Calculi
2025-08-21 15:20:04.358 [main] DEBUG c.k.c.parser.StgPdfDesktopParser - Stored condition: Urethral Stricture
2025-08-21 15:20:04.360 [main] DEBUG c.k.c.parser.StgPdfDesktopParser - Stored condition: Bladder Cancer
2025-08-21 15:20:04.363 [main] DEBUG c.k.c.parser.StgPdfDesktopParser - Stored condition: Acute retention of Urine is of sudden onset with a palpable tender
2025-08-21 15:20:04.363 [main] DEBUG c.k.c.parser.StgPdfDesktopParser - Stored condition: Chronic Retention of Urine is of insidious onset and presents with a
2025-08-21 15:20:04.363 [main] DEBUG c.k.c.parser.StgPdfDesktopParser - Stored condition: Acute
2025-08-21 15:20:04.364 [main] DEBUG c.k.c.parser.StgPdfDesktopParser - Stored condition: Mycoplasma genitalum
2025-08-21 15:20:04.370 [main] DEBUG c.k.c.parser.StgPdfDesktopParser - Stored condition: Drug resistant tuberculosis
2025-08-21 15:20:04.376 [main] DEBUG c.k.c.parser.StgPdfDesktopParser - Stored condition: Xerophthalmia
2025-08-21 15:20:04.379 [main] DEBUG c.k.c.parser.StgPdfDesktopParser - Stored condition: Acute Epiglottitis
2025-08-21 15:20:04.382 [main] DEBUG c.k.c.parser.StgPdfDesktopParser - Stored condition: Bacterial Endocarditis and Prophylaxis in Dentistry
2025-08-21 15:20:04.384 [main] DEBUG c.k.c.parser.StgPdfDesktopParser - Stored condition: Rheumatoid arthritis
2025-08-21 15:20:04.389 [main] DEBUG c.k.c.parser.StgPdfDesktopParser - Stored condition: Acute Abdomen
2025-08-21 15:20:04.391 [main] DEBUG c.k.c.parser.StgPdfDesktopParser - Stored condition: Chronic Osteomyelitis and Chronic Septic Arthritis
2025-08-21 15:20:04.392 [main] DEBUG c.k.c.parser.StgPdfDesktopParser - Stored condition: Cellulitis
2025-08-21 15:20:04.393 [main] DEBUG c.k.c.parser.StgPdfDesktopParser - Stored condition: Necrotizing Fasciitis
2025-08-21 15:20:04.393 [main] DEBUG c.k.c.parser.StgPdfDesktopParser - Stored condition: Hand Infections
2025-08-21 15:20:04.394 [main] DEBUG c.k.c.parser.StgPdfDesktopParser - Stored condition: Tuberculosis in orthopaedics
2025-08-21 15:20:04.394 [main] DEBUG c.k.c.parser.StgPdfDesktopParser - Stored condition: Rickets and Osteomalacia
2025-08-21 15:20:04.395 [main] DEBUG c.k.c.parser.StgPdfDesktopParser - Stored condition: Scurvy
2025-08-21 15:20:04.395 [main] DEBUG c.k.c.parser.StgPdfDesktopParser - Stored condition: Osteoporosis
2025-08-21 15:20:04.395 [main] DEBUG c.k.c.parser.StgPdfDesktopParser - Stored condition: Sickle
2025-08-21 15:20:04.396 [main] DEBUG c.k.c.parser.StgPdfDesktopParser - Stored condition: Avascular Necrosis
2025-08-21 15:20:04.399 [main] DEBUG c.k.c.parser.StgPdfDesktopParser - Stored condition: Shock
2025-08-21 15:20:04.402 [main] DEBUG c.k.c.parser.StgPdfDesktopParser - Stored condition: Is it still needed
2025-08-21 15:20:04.402 [main] DEBUG c.k.c.parser.StgPdfDesktopParser - Stored condition: Start one medication at a time
2025-08-21 15:20:04.404 [main] DEBUG c.k.c.parser.StgPdfDesktopParser - Stored condition: Organisation Name
2025-08-21 15:20:04.404 [main] DEBUG c.k.c.parser.StgPdfDesktopParser - Stored condition: Organisation Name
2025-08-21 15:20:04.413 [main] INFO  c.k.c.parser.StgPdfDesktopParser - Database populated successfully
2025-08-21 15:20:04.415 [main] INFO  c.k.c.parser.StgPdfDesktopParser - Total chapters: 16
2025-08-21 15:20:04.415 [main] INFO  c.k.c.parser.StgPdfDesktopParser - Total conditions: 59
2025-08-21 15:20:04.415 [main] INFO  c.k.c.parser.StgPdfDesktopParser - Total content blocks: 350
2025-08-21 15:20:04.415 [main] INFO  c.k.c.parser.StgPdfDesktopParser - Total medications: 275
2025-08-21 15:21:28.699 [main] INFO  c.k.c.parser.StgPdfDesktopParser - Starting PDF processing: /Users/kobby/Desktop/MOH-STG/GHANA-STG-2017-1.pdf
2025-08-21 15:21:28.701 [main] INFO  c.k.c.parser.StgPdfDesktopParser - Output database: app/src/main/assets/databases/stg_prepopulated.db
2025-08-21 15:21:29.109 [main] INFO  c.k.c.parser.StgPdfDesktopParser - Connected to database
2025-08-21 15:21:29.111 [main] INFO  c.k.c.parser.StgPdfDesktopParser - Database tables created successfully
2025-08-21 15:21:29.341 [main] INFO  c.k.c.parser.StgPdfDesktopParser - PDF loaded successfully. Total pages: 708
2025-08-21 15:21:29.357 [main] INFO  c.k.c.parser.StgPdfDesktopParser - Scanning for chapters starting from page 29
2025-08-21 15:21:29.471 [main] INFO  c.k.c.parser.StgPdfDesktopParser - Found Chapter 11 on page 29: Disorders of the
2025-08-21 15:21:29.497 [main] INFO  c.k.c.parser.StgPdfDesktopParser - Found Chapter 1 on page 31:  Disorders of the Gastrointestinal Tract
2025-08-21 15:21:29.607 [main] INFO  c.k.c.parser.StgPdfDesktopParser - Found Chapter 33 on page 51: Disorders of the Liver
2025-08-21 15:21:29.624 [main] INFO  c.k.c.parser.StgPdfDesktopParser - Found Chapter 2 on page 53:  Disorders of the Liver
2025-08-21 15:21:29.727 [main] INFO  c.k.c.parser.StgPdfDesktopParser - Found Chapter 58 on page 76: Nutritional Disorders
2025-08-21 15:21:29.731 [main] INFO  c.k.c.parser.StgPdfDesktopParser - Found Chapter 3 on page 77:  Nutritional Disorders
2025-08-21 15:21:29.746 [main] INFO  c.k.c.parser.StgPdfDesktopParser - Found Chapter 62 on page 80: Haematological Disorders
2025-08-21 15:21:29.750 [main] INFO  c.k.c.parser.StgPdfDesktopParser - Found Chapter 4 on page 81:  Haematological Disorders
2025-08-21 15:21:29.813 [main] INFO  c.k.c.parser.StgPdfDesktopParser - Found Chapter 80 on page 98: Immunisable Diseases
2025-08-21 15:21:29.817 [main] INFO  c.k.c.parser.StgPdfDesktopParser - Found Chapter 5 on page 99:  Immunisable Diseases
2025-08-21 15:21:29.874 [main] INFO  c.k.c.parser.StgPdfDesktopParser - Found Chapter 97 on page 115: Problems of the Newborn
2025-08-21 15:21:29.885 [main] INFO  c.k.c.parser.StgPdfDesktopParser - Found Chapter 6 on page 117:  Problems of the Newborn (Neonate)
2025-08-21 15:21:29.924 [main] INFO  c.k.c.parser.StgPdfDesktopParser - Found Chapter 113 on page 131: Disorders of the
2025-08-21 15:21:29.938 [main] INFO  c.k.c.parser.StgPdfDesktopParser - Found Chapter 7 on page 133:  Disorders of the Cardiovascular System
2025-08-21 15:21:30.102 [main] INFO  c.k.c.parser.StgPdfDesktopParser - Found Chapter 167 on page 185: Disorders of the
2025-08-21 15:21:30.113 [main] INFO  c.k.c.parser.StgPdfDesktopParser - Found Chapter 8 on page 187:  Disorders of the Respiratory System
2025-08-21 15:21:30.147 [main] INFO  c.k.c.parser.StgPdfDesktopParser - Extracted 16 chapters from main body
2025-08-21 15:21:30.147 [main] INFO  c.k.c.parser.StgPdfDesktopParser - Found 16 chapters
2025-08-21 15:21:30.149 [main] DEBUG c.k.c.parser.StgPdfDesktopParser - Stored chapter 11: Disorders of the
2025-08-21 15:21:30.150 [main] DEBUG c.k.c.parser.StgPdfDesktopParser - Stored chapter 1:  Disorders of the Gastrointestinal Tract
2025-08-21 15:21:30.150 [main] DEBUG c.k.c.parser.StgPdfDesktopParser - Stored chapter 33: Disorders of the Liver
2025-08-21 15:21:30.150 [main] DEBUG c.k.c.parser.StgPdfDesktopParser - Stored chapter 2:  Disorders of the Liver
2025-08-21 15:21:30.150 [main] DEBUG c.k.c.parser.StgPdfDesktopParser - Stored chapter 58: Nutritional Disorders
2025-08-21 15:21:30.150 [main] DEBUG c.k.c.parser.StgPdfDesktopParser - Stored chapter 3:  Nutritional Disorders
2025-08-21 15:21:30.150 [main] DEBUG c.k.c.parser.StgPdfDesktopParser - Stored chapter 62: Haematological Disorders
2025-08-21 15:21:30.150 [main] DEBUG c.k.c.parser.StgPdfDesktopParser - Stored chapter 4:  Haematological Disorders
2025-08-21 15:21:30.150 [main] DEBUG c.k.c.parser.StgPdfDesktopParser - Stored chapter 80: Immunisable Diseases
2025-08-21 15:21:30.150 [main] DEBUG c.k.c.parser.StgPdfDesktopParser - Stored chapter 5:  Immunisable Diseases
2025-08-21 15:21:30.150 [main] DEBUG c.k.c.parser.StgPdfDesktopParser - Stored chapter 97: Problems of the Newborn
2025-08-21 15:21:30.150 [main] DEBUG c.k.c.parser.StgPdfDesktopParser - Stored chapter 6:  Problems of the Newborn (Neonate)
2025-08-21 15:21:30.150 [main] DEBUG c.k.c.parser.StgPdfDesktopParser - Stored chapter 113: Disorders of the
2025-08-21 15:21:30.150 [main] DEBUG c.k.c.parser.StgPdfDesktopParser - Stored chapter 7:  Disorders of the Cardiovascular System
2025-08-21 15:21:30.150 [main] DEBUG c.k.c.parser.StgPdfDesktopParser - Stored chapter 167: Disorders of the
2025-08-21 15:21:30.150 [main] DEBUG c.k.c.parser.StgPdfDesktopParser - Stored chapter 8:  Disorders of the Respiratory System
2025-08-21 15:21:30.150 [main] INFO  c.k.c.parser.StgPdfDesktopParser - Processing Chapter 11: Disorders of the (pages 29-30)
2025-08-21 15:21:30.156 [main] INFO  c.k.c.parser.StgPdfDesktopParser - Found 0 conditions in chapter 11
2025-08-21 15:21:30.156 [main] INFO  c.k.c.parser.StgPdfDesktopParser - Processing Chapter 1:  Disorders of the Gastrointestinal Tract (pages 31-50)
2025-08-21 15:21:30.207 [main] INFO  c.k.c.parser.StgPdfDesktopParser - Found 1 conditions in chapter 1
2025-08-21 15:21:30.208 [main] DEBUG c.k.c.parser.StgPdfDesktopParser - Stored condition: Haemorrhoids
2025-08-21 15:21:30.213 [main] INFO  c.k.c.parser.StgPdfDesktopParser - Processing Chapter 33: Disorders of the Liver (pages 51-52)
2025-08-21 15:21:30.217 [main] INFO  c.k.c.parser.StgPdfDesktopParser - Found 0 conditions in chapter 33
2025-08-21 15:21:30.217 [main] INFO  c.k.c.parser.StgPdfDesktopParser - Processing Chapter 2:  Disorders of the Liver (pages 53-75)
2025-08-21 15:21:30.270 [main] INFO  c.k.c.parser.StgPdfDesktopParser - Found 1 conditions in chapter 2
2025-08-21 15:21:30.270 [main] DEBUG c.k.c.parser.StgPdfDesktopParser - Stored condition: Vomiting
2025-08-21 15:21:30.275 [main] INFO  c.k.c.parser.StgPdfDesktopParser - Processing Chapter 58: Nutritional Disorders (pages 76-76)
2025-08-21 15:21:30.278 [main] INFO  c.k.c.parser.StgPdfDesktopParser - Found 0 conditions in chapter 58
2025-08-21 15:21:30.278 [main] INFO  c.k.c.parser.StgPdfDesktopParser - Processing Chapter 3:  Nutritional Disorders (pages 77-79)
2025-08-21 15:21:30.284 [main] INFO  c.k.c.parser.StgPdfDesktopParser - Found 0 conditions in chapter 3
2025-08-21 15:21:30.284 [main] INFO  c.k.c.parser.StgPdfDesktopParser - Processing Chapter 62: Haematological Disorders (pages 80-80)
2025-08-21 15:21:30.286 [main] INFO  c.k.c.parser.StgPdfDesktopParser - Found 0 conditions in chapter 62
2025-08-21 15:21:30.286 [main] INFO  c.k.c.parser.StgPdfDesktopParser - Processing Chapter 4:  Haematological Disorders (pages 81-97)
2025-08-21 15:21:30.320 [main] INFO  c.k.c.parser.StgPdfDesktopParser - Found 0 conditions in chapter 4
2025-08-21 15:21:30.321 [main] INFO  c.k.c.parser.StgPdfDesktopParser - Processing Chapter 80: Immunisable Diseases (pages 98-98)
2025-08-21 15:21:30.323 [main] INFO  c.k.c.parser.StgPdfDesktopParser - Found 0 conditions in chapter 80
2025-08-21 15:21:30.323 [main] INFO  c.k.c.parser.StgPdfDesktopParser - Processing Chapter 5:  Immunisable Diseases (pages 99-114)
2025-08-21 15:21:30.360 [main] INFO  c.k.c.parser.StgPdfDesktopParser - Found 1 conditions in chapter 5
2025-08-21 15:21:30.360 [main] DEBUG c.k.c.parser.StgPdfDesktopParser - Stored condition: Measles
2025-08-21 15:21:30.366 [main] INFO  c.k.c.parser.StgPdfDesktopParser - Processing Chapter 97: Problems of the Newborn (pages 115-116)
2025-08-21 15:21:30.370 [main] INFO  c.k.c.parser.StgPdfDesktopParser - Found 1 conditions in chapter 97
2025-08-21 15:21:30.371 [main] DEBUG c.k.c.parser.StgPdfDesktopParser - Stored condition: Sick newborn
2025-08-21 15:21:30.372 [main] INFO  c.k.c.parser.StgPdfDesktopParser - Processing Chapter 6:  Problems of the Newborn (Neonate) (pages 117-130)
2025-08-21 15:21:30.408 [main] INFO  c.k.c.parser.StgPdfDesktopParser - Found 1 conditions in chapter 6
2025-08-21 15:21:30.408 [main] DEBUG c.k.c.parser.StgPdfDesktopParser - Stored condition: Wilms Tumour
2025-08-21 15:21:30.409 [main] INFO  c.k.c.parser.StgPdfDesktopParser - Processing Chapter 113: Disorders of the (pages 131-132)
2025-08-21 15:21:30.415 [main] INFO  c.k.c.parser.StgPdfDesktopParser - Found 1 conditions in chapter 113
2025-08-21 15:21:30.415 [main] DEBUG c.k.c.parser.StgPdfDesktopParser - Stored condition: Chest Pain
2025-08-21 15:21:30.416 [main] INFO  c.k.c.parser.StgPdfDesktopParser - Processing Chapter 7:  Disorders of the Cardiovascular System (pages 133-184)
2025-08-21 15:21:30.515 [main] INFO  c.k.c.parser.StgPdfDesktopParser - Found 9 conditions in chapter 7
2025-08-21 15:21:30.515 [main] DEBUG c.k.c.parser.StgPdfDesktopParser - Stored condition: Ischaemic Heart Disease
2025-08-21 15:21:30.517 [main] DEBUG c.k.c.parser.StgPdfDesktopParser - Stored condition: Dyspnoea
2025-08-21 15:21:30.519 [main] DEBUG c.k.c.parser.StgPdfDesktopParser - Stored condition: Deep Vein Thrombosis
2025-08-21 15:21:30.521 [main] DEBUG c.k.c.parser.StgPdfDesktopParser - Stored condition: Pulmonary Embolism
2025-08-21 15:21:30.522 [main] DEBUG c.k.c.parser.StgPdfDesktopParser - Stored condition: Stroke
2025-08-21 15:21:30.523 [main] DEBUG c.k.c.parser.StgPdfDesktopParser - Stored condition: Heart Failure
2025-08-21 15:21:30.525 [main] DEBUG c.k.c.parser.StgPdfDesktopParser - Stored condition: Congenital Heart Disease
2025-08-21 15:21:30.527 [main] DEBUG c.k.c.parser.StgPdfDesktopParser - Stored condition: Hypercyanotic attack
2025-08-21 15:21:30.530 [main] DEBUG c.k.c.parser.StgPdfDesktopParser - Stored condition: Hypertensive Emergencies
2025-08-21 15:21:30.533 [main] INFO  c.k.c.parser.StgPdfDesktopParser - Processing Chapter 167: Disorders of the (pages 185-186)
2025-08-21 15:21:30.537 [main] INFO  c.k.c.parser.StgPdfDesktopParser - Found 0 conditions in chapter 167
2025-08-21 15:21:30.537 [main] INFO  c.k.c.parser.StgPdfDesktopParser - Processing Chapter 8:  Disorders of the Respiratory System (pages 187-708)
2025-08-21 15:21:31.392 [main] INFO  c.k.c.parser.StgPdfDesktopParser - Found 44 conditions in chapter 8
2025-08-21 15:21:31.392 [main] DEBUG c.k.c.parser.StgPdfDesktopParser - Stored condition: Lung Abscess
2025-08-21 15:21:31.401 [main] DEBUG c.k.c.parser.StgPdfDesktopParser - Stored condition: Schizophrenia
2025-08-21 15:21:31.409 [main] DEBUG c.k.c.parser.StgPdfDesktopParser - Stored condition: Buruli Ulcer
2025-08-21 15:21:31.416 [main] DEBUG c.k.c.parser.StgPdfDesktopParser - Stored condition: Reactive Erythema and Bullous Reaction
2025-08-21 15:21:31.425 [main] DEBUG c.k.c.parser.StgPdfDesktopParser - Stored condition: Hypothyroidism
2025-08-21 15:21:31.434 [main] DEBUG c.k.c.parser.StgPdfDesktopParser - Stored condition: Eclampsia
2025-08-21 15:21:31.441 [main] DEBUG c.k.c.parser.StgPdfDesktopParser - Stored condition: Preterm Labour in Premature Delivery
2025-08-21 15:21:31.451 [main] DEBUG c.k.c.parser.StgPdfDesktopParser - Stored condition: Acute Glomerulonephritis
2025-08-21 15:21:31.455 [main] DEBUG c.k.c.parser.StgPdfDesktopParser - Stored condition: Medicines and the Kidney
2025-08-21 15:21:31.456 [main] DEBUG c.k.c.parser.StgPdfDesktopParser - Stored condition: Acute Cystitis
2025-08-21 15:21:31.456 [main] DEBUG c.k.c.parser.StgPdfDesktopParser - Stored condition: Benign Prostatic Hyperplasia
2025-08-21 15:21:31.457 [main] DEBUG c.k.c.parser.StgPdfDesktopParser - Stored condition: Bacterial Prostatitis
2025-08-21 15:21:31.458 [main] DEBUG c.k.c.parser.StgPdfDesktopParser - Stored condition: Scrotal Masses
2025-08-21 15:21:31.458 [main] DEBUG c.k.c.parser.StgPdfDesktopParser - Stored condition: The Empty Scrotum
2025-08-21 15:21:31.459 [main] DEBUG c.k.c.parser.StgPdfDesktopParser - Stored condition: Priapism
2025-08-21 15:21:31.459 [main] DEBUG c.k.c.parser.StgPdfDesktopParser - Stored condition: Posterior Urethral Valves
2025-08-21 15:21:31.460 [main] DEBUG c.k.c.parser.StgPdfDesktopParser - Stored condition: Urinary Tract Calculi
2025-08-21 15:21:31.461 [main] DEBUG c.k.c.parser.StgPdfDesktopParser - Stored condition: Urethral Stricture
2025-08-21 15:21:31.463 [main] DEBUG c.k.c.parser.StgPdfDesktopParser - Stored condition: Bladder Cancer
2025-08-21 15:21:31.465 [main] DEBUG c.k.c.parser.StgPdfDesktopParser - Stored condition: Acute retention of Urine is of sudden onset with a palpable tender
2025-08-21 15:21:31.465 [main] DEBUG c.k.c.parser.StgPdfDesktopParser - Stored condition: Chronic Retention of Urine is of insidious onset and presents with a
2025-08-21 15:21:31.465 [main] DEBUG c.k.c.parser.StgPdfDesktopParser - Stored condition: Acute
2025-08-21 15:21:31.466 [main] DEBUG c.k.c.parser.StgPdfDesktopParser - Stored condition: Mycoplasma genitalum
2025-08-21 15:21:31.471 [main] DEBUG c.k.c.parser.StgPdfDesktopParser - Stored condition: Drug resistant tuberculosis
2025-08-21 15:21:31.477 [main] DEBUG c.k.c.parser.StgPdfDesktopParser - Stored condition: Xerophthalmia
2025-08-21 15:21:31.479 [main] DEBUG c.k.c.parser.StgPdfDesktopParser - Stored condition: Acute Epiglottitis
2025-08-21 15:21:31.482 [main] DEBUG c.k.c.parser.StgPdfDesktopParser - Stored condition: Bacterial Endocarditis and Prophylaxis in Dentistry
2025-08-21 15:21:31.484 [main] DEBUG c.k.c.parser.StgPdfDesktopParser - Stored condition: Rheumatoid arthritis
2025-08-21 15:21:31.489 [main] DEBUG c.k.c.parser.StgPdfDesktopParser - Stored condition: Acute Abdomen
2025-08-21 15:21:31.491 [main] DEBUG c.k.c.parser.StgPdfDesktopParser - Stored condition: Chronic Osteomyelitis and Chronic Septic Arthritis
2025-08-21 15:21:31.492 [main] DEBUG c.k.c.parser.StgPdfDesktopParser - Stored condition: Cellulitis
2025-08-21 15:21:31.493 [main] DEBUG c.k.c.parser.StgPdfDesktopParser - Stored condition: Necrotizing Fasciitis
2025-08-21 15:21:31.493 [main] DEBUG c.k.c.parser.StgPdfDesktopParser - Stored condition: Hand Infections
2025-08-21 15:21:31.494 [main] DEBUG c.k.c.parser.StgPdfDesktopParser - Stored condition: Tuberculosis in orthopaedics
2025-08-21 15:21:31.494 [main] DEBUG c.k.c.parser.StgPdfDesktopParser - Stored condition: Rickets and Osteomalacia
2025-08-21 15:21:31.495 [main] DEBUG c.k.c.parser.StgPdfDesktopParser - Stored condition: Scurvy
2025-08-21 15:21:31.495 [main] DEBUG c.k.c.parser.StgPdfDesktopParser - Stored condition: Osteoporosis
2025-08-21 15:21:31.496 [main] DEBUG c.k.c.parser.StgPdfDesktopParser - Stored condition: Sickle
2025-08-21 15:21:31.496 [main] DEBUG c.k.c.parser.StgPdfDesktopParser - Stored condition: Avascular Necrosis
2025-08-21 15:21:31.499 [main] DEBUG c.k.c.parser.StgPdfDesktopParser - Stored condition: Shock
2025-08-21 15:21:31.503 [main] DEBUG c.k.c.parser.StgPdfDesktopParser - Stored condition: Is it still needed
2025-08-21 15:21:31.503 [main] DEBUG c.k.c.parser.StgPdfDesktopParser - Stored condition: Start one medication at a time
2025-08-21 15:21:31.504 [main] DEBUG c.k.c.parser.StgPdfDesktopParser - Stored condition: Organisation Name
2025-08-21 15:21:31.505 [main] DEBUG c.k.c.parser.StgPdfDesktopParser - Stored condition: Organisation Name
2025-08-21 15:21:31.513 [main] INFO  c.k.c.parser.StgPdfDesktopParser - Database populated successfully
2025-08-21 15:21:31.514 [main] INFO  c.k.c.parser.StgPdfDesktopParser - Total chapters: 16
2025-08-21 15:21:31.515 [main] INFO  c.k.c.parser.StgPdfDesktopParser - Total conditions: 59
2025-08-21 15:21:31.515 [main] INFO  c.k.c.parser.StgPdfDesktopParser - Total content blocks: 350
2025-08-21 15:21:31.515 [main] INFO  c.k.c.parser.StgPdfDesktopParser - Total medications: 275
